2002.07.03 15:55 B D:\week1\Chap3\examples\Account.java <-- thoffman-SCS /afs/cs.cmu.edu/user/thoffman/www/N02-15121/week1/Chap3/examples Account.java
2002.07.03 15:55 B D:\week1\Chap3\examples\AccountTest.java <-- thoffman-SCS /afs/cs.cmu.edu/user/thoffman/www/N02-15121/week1/Chap3/examples AccountTest.java
2002.07.03 15:55 B D:\week1\Chap3\examples\AccountTransfer.java <-- thoffman-SCS /afs/cs.cmu.edu/user/thoffman/www/N02-15121/week1/Chap3/examples AccountTransfer.java
2002.07.03 15:55 B D:\week1\Chap3\examples\Circle.class <-- thoffman-SCS /afs/cs.cmu.edu/user/thoffman/www/N02-15121/week1/Chap3/examples Circle.class
2002.07.03 15:55 B D:\week1\Chap3\examples\Drawable.class <-- thoffman-SCS /afs/cs.cmu.edu/user/thoffman/www/N02-15121/week1/Chap3/examples Drawable.class
2002.07.03 15:55 B D:\week1\Chap3\examples\DrawableCircle.class <-- thoffman-SCS /afs/cs.cmu.edu/user/thoffman/www/N02-15121/week1/Chap3/examples DrawableCircle.class
2002.07.03 15:55 B D:\week1\Chap3\examples\foo.class <-- thoffman-SCS /afs/cs.cmu.edu/user/thoffman/www/N02-15121/week1/Chap3/examples foo.class
2002.07.03 15:55 B D:\week1\Chap3\examples\Fraction.java <-- thoffman-SCS /afs/cs.cmu.edu/user/thoffman/www/N02-15121/week1/Chap3/examples Fraction.java
2002.07.03 15:55 B D:\week1\Chap3\examples\FractionTest.java <-- thoffman-SCS /afs/cs.cmu.edu/user/thoffman/www/N02-15121/week1/Chap3/examples FractionTest.java
2002.07.03 15:55 B D:\week1\Chap3\examples\Futile.java <-- thoffman-SCS /afs/cs.cmu.edu/user/thoffman/www/N02-15121/week1/Chap3/examples Futile.java
2002.07.03 15:55 B D:\week1\Chap3\examples\JointTest.java <-- thoffman-SCS /afs/cs.cmu.edu/user/thoffman/www/N02-15121/week1/Chap3/examples JointTest.java
2002.07.03 15:55 B D:\week1\Chap3\examples\PolyTest.java <-- thoffman-SCS /afs/cs.cmu.edu/user/thoffman/www/N02-15121/week1/Chap3/examples PolyTest.java
2002.07.03 15:55 B D:\week1\Chap3\examples\Shape.class <-- thoffman-SCS /afs/cs.cmu.edu/user/thoffman/www/N02-15121/week1/Chap3/examples Shape.class
2002.07.03 15:55 B D:\week1\Chap3\examples\SpecialAccountTest.java <-- thoffman-SCS /afs/cs.cmu.edu/user/thoffman/www/N02-15121/week1/Chap3/examples SpecialAccountTest.java
2002.07.03 15:55 B D:\week1\Chap3\examples\Square.class <-- thoffman-SCS /afs/cs.cmu.edu/user/thoffman/www/N02-15121/week1/Chap3/examples Square.class
2002.07.03 15:55 B D:\week1\Chap3\examples\StaticTest.class <-- thoffman-SCS /afs/cs.cmu.edu/user/thoffman/www/N02-15121/week1/Chap3/examples StaticTest.class
2002.07.03 15:55 B D:\week1\Chap3\examples\StaticTest.java <-- thoffman-SCS /afs/cs.cmu.edu/user/thoffman/www/N02-15121/week1/Chap3/examples StaticTest.java
2002.07.03 15:55 B D:\week1\Chap3\examples\TestDrawable.class <-- thoffman-SCS /afs/cs.cmu.edu/user/thoffman/www/N02-15121/week1/Chap3/examples TestDrawable.class
2002.07.03 15:55 B D:\week1\Chap3\examples\TestDrawable.java <-- thoffman-SCS /afs/cs.cmu.edu/user/thoffman/www/N02-15121/week1/Chap3/examples TestDrawable.java
2002.07.03 15:55 B D:\week1\Chap3\examples\TestShapes.class <-- thoffman-SCS /afs/cs.cmu.edu/user/thoffman/www/N02-15121/week1/Chap3/examples TestShapes.class
2002.07.03 15:55 B D:\week1\Chap3\examples\TestShapes.java <-- thoffman-SCS /afs/cs.cmu.edu/user/thoffman/www/N02-15121/week1/Chap3/examples TestShapes.java
2002.07.03 15:55 B D:\week1\Chap3\examples\Top$NonStatic.class <-- thoffman-SCS /afs/cs.cmu.edu/user/thoffman/www/N02-15121/week1/Chap3/examples Top$NonStatic.class
2002.07.03 15:55 B D:\week1\Chap3\examples\Top$Static.class <-- thoffman-SCS /afs/cs.cmu.edu/user/thoffman/www/N02-15121/week1/Chap3/examples Top$Static.class
2002.07.03 15:55 B D:\week1\Chap3\examples\Top.class <-- thoffman-SCS /afs/cs.cmu.edu/user/thoffman/www/N02-15121/week1/Chap3/examples Top.class
2002.07.03 15:55 B D:\week1\Chap3\examples\Top.java <-- thoffman-SCS /afs/cs.cmu.edu/user/thoffman/www/N02-15121/week1/Chap3/examples Top.java
2002.07.04 16:04 B C:\Documents and Settings\Malcolm\Desktop\N02-15121\review\Chap3\examples\Account.java --> ux8.sp.cs.cmu.edu /afs/cs.cmu.edu/user/thoffman/www/N02-15121/review/Chap3/examples Account.java
2002.07.04 16:04 B C:\Documents and Settings\Malcolm\Desktop\N02-15121\review\Chap3\examples\AccountTest.java --> ux8.sp.cs.cmu.edu /afs/cs.cmu.edu/user/thoffman/www/N02-15121/review/Chap3/examples AccountTest.java
2002.07.04 16:04 B C:\Documents and Settings\Malcolm\Desktop\N02-15121\review\Chap3\examples\AccountTransfer.java --> ux8.sp.cs.cmu.edu /afs/cs.cmu.edu/user/thoffman/www/N02-15121/review/Chap3/examples AccountTransfer.java
2002.07.04 16:04 B C:\Documents and Settings\Malcolm\Desktop\N02-15121\review\Chap3\examples\Circle.class --> ux8.sp.cs.cmu.edu /afs/cs.cmu.edu/user/thoffman/www/N02-15121/review/Chap3/examples Circle.class
2002.07.04 16:04 B C:\Documents and Settings\Malcolm\Desktop\N02-15121\review\Chap3\examples\Drawable.class --> ux8.sp.cs.cmu.edu /afs/cs.cmu.edu/user/thoffman/www/N02-15121/review/Chap3/examples Drawable.class
2002.07.04 16:04 B C:\Documents and Settings\Malcolm\Desktop\N02-15121\review\Chap3\examples\DrawableCircle.class --> ux8.sp.cs.cmu.edu /afs/cs.cmu.edu/user/thoffman/www/N02-15121/review/Chap3/examples DrawableCircle.class
2002.07.04 16:04 B C:\Documents and Settings\Malcolm\Desktop\N02-15121\review\Chap3\examples\foo.class --> ux8.sp.cs.cmu.edu /afs/cs.cmu.edu/user/thoffman/www/N02-15121/review/Chap3/examples foo.class
2002.07.04 16:04 B C:\Documents and Settings\Malcolm\Desktop\N02-15121\review\Chap3\examples\Fraction.java --> ux8.sp.cs.cmu.edu /afs/cs.cmu.edu/user/thoffman/www/N02-15121/review/Chap3/examples Fraction.java
2002.07.04 16:04 B C:\Documents and Settings\Malcolm\Desktop\N02-15121\review\Chap3\examples\FractionTest.java --> ux8.sp.cs.cmu.edu /afs/cs.cmu.edu/user/thoffman/www/N02-15121/review/Chap3/examples FractionTest.java
2002.07.04 16:04 B C:\Documents and Settings\Malcolm\Desktop\N02-15121\review\Chap3\examples\Futile.java --> ux8.sp.cs.cmu.edu /afs/cs.cmu.edu/user/thoffman/www/N02-15121/review/Chap3/examples Futile.java
2002.07.04 16:04 B C:\Documents and Settings\Malcolm\Desktop\N02-15121\review\Chap3\examples\JointTest.java --> ux8.sp.cs.cmu.edu /afs/cs.cmu.edu/user/thoffman/www/N02-15121/review/Chap3/examples JointTest.java
2002.07.04 16:04 B C:\Documents and Settings\Malcolm\Desktop\N02-15121\review\Chap3\examples\PolyTest.java --> ux8.sp.cs.cmu.edu /afs/cs.cmu.edu/user/thoffman/www/N02-15121/review/Chap3/examples PolyTest.java
2002.07.04 16:04 B C:\Documents and Settings\Malcolm\Desktop\N02-15121\review\Chap3\examples\Shape.class --> ux8.sp.cs.cmu.edu /afs/cs.cmu.edu/user/thoffman/www/N02-15121/review/Chap3/examples Shape.class
2002.07.04 16:04 B C:\Documents and Settings\Malcolm\Desktop\N02-15121\review\Chap3\examples\SpecialAccountTest.java --> ux8.sp.cs.cmu.edu /afs/cs.cmu.edu/user/thoffman/www/N02-15121/review/Chap3/examples SpecialAccountTest.java
2002.07.04 16:04 B C:\Documents and Settings\Malcolm\Desktop\N02-15121\review\Chap3\examples\Square.class --> ux8.sp.cs.cmu.edu /afs/cs.cmu.edu/user/thoffman/www/N02-15121/review/Chap3/examples Square.class
2002.07.04 16:04 B C:\Documents and Settings\Malcolm\Desktop\N02-15121\review\Chap3\examples\StaticTest.class --> ux8.sp.cs.cmu.edu /afs/cs.cmu.edu/user/thoffman/www/N02-15121/review/Chap3/examples StaticTest.class
2002.07.04 16:04 B C:\Documents and Settings\Malcolm\Desktop\N02-15121\review\Chap3\examples\StaticTest.java --> ux8.sp.cs.cmu.edu /afs/cs.cmu.edu/user/thoffman/www/N02-15121/review/Chap3/examples StaticTest.java
2002.07.04 16:04 B C:\Documents and Settings\Malcolm\Desktop\N02-15121\review\Chap3\examples\TestDrawable.class --> ux8.sp.cs.cmu.edu /afs/cs.cmu.edu/user/thoffman/www/N02-15121/review/Chap3/examples TestDrawable.class
2002.07.04 16:04 B C:\Documents and Settings\Malcolm\Desktop\N02-15121\review\Chap3\examples\TestDrawable.java --> ux8.sp.cs.cmu.edu /afs/cs.cmu.edu/user/thoffman/www/N02-15121/review/Chap3/examples TestDrawable.java
2002.07.04 16:04 B C:\Documents and Settings\Malcolm\Desktop\N02-15121\review\Chap3\examples\TestShapes.class --> ux8.sp.cs.cmu.edu /afs/cs.cmu.edu/user/thoffman/www/N02-15121/review/Chap3/examples TestShapes.class
2002.07.04 16:04 B C:\Documents and Settings\Malcolm\Desktop\N02-15121\review\Chap3\examples\TestShapes.java --> ux8.sp.cs.cmu.edu /afs/cs.cmu.edu/user/thoffman/www/N02-15121/review/Chap3/examples TestShapes.java
2002.07.04 16:04 B C:\Documents and Settings\Malcolm\Desktop\N02-15121\review\Chap3\examples\Top$NonStatic.class --> ux8.sp.cs.cmu.edu /afs/cs.cmu.edu/user/thoffman/www/N02-15121/review/Chap3/examples Top$NonStatic.class
2002.07.04 16:04 B C:\Documents and Settings\Malcolm\Desktop\N02-15121\review\Chap3\examples\Top$Static.class --> ux8.sp.cs.cmu.edu /afs/cs.cmu.edu/user/thoffman/www/N02-15121/review/Chap3/examples Top$Static.class
2002.07.04 16:04 B C:\Documents and Settings\Malcolm\Desktop\N02-15121\review\Chap3\examples\Top.class --> ux8.sp.cs.cmu.edu /afs/cs.cmu.edu/user/thoffman/www/N02-15121/review/Chap3/examples Top.class
2002.07.04 16:04 B C:\Documents and Settings\Malcolm\Desktop\N02-15121\review\Chap3\examples\Top.java --> ux8.sp.cs.cmu.edu /afs/cs.cmu.edu/user/thoffman/www/N02-15121/review/Chap3/examples Top.java
2002.08.27 21:50 B C:\Documents and Settings\Malcolm\Desktop\N02-15121\review\Chap3\examples\WS_FTP.LOG <-- thoffman-SCS /afs/cs.cmu.edu/user/thoffman/www/N02-15121/review/Chap3/examples WS_FTP.LOG
2002.08.27 21:50 B C:\Documents and Settings\Malcolm\Desktop\N02-15121\review\Chap3\examples\Top.java <-- thoffman-SCS /afs/cs.cmu.edu/user/thoffman/www/N02-15121/review/Chap3/examples Top.java
2002.08.27 21:50 B C:\Documents and Settings\Malcolm\Desktop\N02-15121\review\Chap3\examples\Top.class <-- thoffman-SCS /afs/cs.cmu.edu/user/thoffman/www/N02-15121/review/Chap3/examples Top.class
2002.08.27 21:50 B C:\Documents and Settings\Malcolm\Desktop\N02-15121\review\Chap3\examples\Top$Static.class <-- thoffman-SCS /afs/cs.cmu.edu/user/thoffman/www/N02-15121/review/Chap3/examples Top$Static.class
2002.08.27 21:50 B C:\Documents and Settings\Malcolm\Desktop\N02-15121\review\Chap3\examples\Top$NonStatic.class <-- thoffman-SCS /afs/cs.cmu.edu/user/thoffman/www/N02-15121/review/Chap3/examples Top$NonStatic.class
2002.08.27 21:50 B C:\Documents and Settings\Malcolm\Desktop\N02-15121\review\Chap3\examples\TestShapes.java <-- thoffman-SCS /afs/cs.cmu.edu/user/thoffman/www/N02-15121/review/Chap3/examples TestShapes.java
2002.08.27 21:50 B C:\Documents and Settings\Malcolm\Desktop\N02-15121\review\Chap3\examples\TestShapes.class <-- thoffman-SCS /afs/cs.cmu.edu/user/thoffman/www/N02-15121/review/Chap3/examples TestShapes.class
2002.08.27 21:50 B C:\Documents and Settings\Malcolm\Desktop\N02-15121\review\Chap3\examples\TestDrawable.java <-- thoffman-SCS /afs/cs.cmu.edu/user/thoffman/www/N02-15121/review/Chap3/examples TestDrawable.java
2002.08.27 21:50 B C:\Documents and Settings\Malcolm\Desktop\N02-15121\review\Chap3\examples\TestDrawable.class <-- thoffman-SCS /afs/cs.cmu.edu/user/thoffman/www/N02-15121/review/Chap3/examples TestDrawable.class
2002.08.27 21:50 B C:\Documents and Settings\Malcolm\Desktop\N02-15121\review\Chap3\examples\StaticTest.java <-- thoffman-SCS /afs/cs.cmu.edu/user/thoffman/www/N02-15121/review/Chap3/examples StaticTest.java
2002.08.27 21:50 B C:\Documents and Settings\Malcolm\Desktop\N02-15121\review\Chap3\examples\StaticTest.class <-- thoffman-SCS /afs/cs.cmu.edu/user/thoffman/www/N02-15121/review/Chap3/examples StaticTest.class
2002.08.27 21:50 B C:\Documents and Settings\Malcolm\Desktop\N02-15121\review\Chap3\examples\Square.class <-- thoffman-SCS /afs/cs.cmu.edu/user/thoffman/www/N02-15121/review/Chap3/examples Square.class
2002.08.27 21:50 B C:\Documents and Settings\Malcolm\Desktop\N02-15121\review\Chap3\examples\SpecialAccountTest.java <-- thoffman-SCS /afs/cs.cmu.edu/user/thoffman/www/N02-15121/review/Chap3/examples SpecialAccountTest.java
2002.08.27 21:50 B C:\Documents and Settings\Malcolm\Desktop\N02-15121\review\Chap3\examples\Shape.class <-- thoffman-SCS /afs/cs.cmu.edu/user/thoffman/www/N02-15121/review/Chap3/examples Shape.class
2002.08.27 21:50 B C:\Documents and Settings\Malcolm\Desktop\N02-15121\review\Chap3\examples\PolyTest.java <-- thoffman-SCS /afs/cs.cmu.edu/user/thoffman/www/N02-15121/review/Chap3/examples PolyTest.java
2002.08.27 21:50 B C:\Documents and Settings\Malcolm\Desktop\N02-15121\review\Chap3\examples\JointTest.java <-- thoffman-SCS /afs/cs.cmu.edu/user/thoffman/www/N02-15121/review/Chap3/examples JointTest.java
2002.08.27 21:50 B C:\Documents and Settings\Malcolm\Desktop\N02-15121\review\Chap3\examples\Futile.java <-- thoffman-SCS /afs/cs.cmu.edu/user/thoffman/www/N02-15121/review/Chap3/examples Futile.java
2002.08.27 21:50 B C:\Documents and Settings\Malcolm\Desktop\N02-15121\review\Chap3\examples\FractionTest.java <-- thoffman-SCS /afs/cs.cmu.edu/user/thoffman/www/N02-15121/review/Chap3/examples FractionTest.java
2002.08.27 21:50 B C:\Documents and Settings\Malcolm\Desktop\N02-15121\review\Chap3\examples\Fraction.java <-- thoffman-SCS /afs/cs.cmu.edu/user/thoffman/www/N02-15121/review/Chap3/examples Fraction.java
2002.08.27 21:50 B C:\Documents and Settings\Malcolm\Desktop\N02-15121\review\Chap3\examples\foo.class <-- thoffman-SCS /afs/cs.cmu.edu/user/thoffman/www/N02-15121/review/Chap3/examples foo.class
2002.08.27 21:50 B C:\Documents and Settings\Malcolm\Desktop\N02-15121\review\Chap3\examples\DrawableCircle.class <-- thoffman-SCS /afs/cs.cmu.edu/user/thoffman/www/N02-15121/review/Chap3/examples DrawableCircle.class
2002.08.27 21:50 B C:\Documents and Settings\Malcolm\Desktop\N02-15121\review\Chap3\examples\Drawable.class <-- thoffman-SCS /afs/cs.cmu.edu/user/thoffman/www/N02-15121/review/Chap3/examples Drawable.class
2002.08.27 21:50 B C:\Documents and Settings\Malcolm\Desktop\N02-15121\review\Chap3\examples\Circle.class <-- thoffman-SCS /afs/cs.cmu.edu/user/thoffman/www/N02-15121/review/Chap3/examples Circle.class
2002.08.27 21:50 B C:\Documents and Settings\Malcolm\Desktop\N02-15121\review\Chap3\examples\AccountTransfer.java <-- thoffman-SCS /afs/cs.cmu.edu/user/thoffman/www/N02-15121/review/Chap3/examples AccountTransfer.java
2002.08.27 21:50 B C:\Documents and Settings\Malcolm\Desktop\N02-15121\review\Chap3\examples\AccountTest.java <-- thoffman-SCS /afs/cs.cmu.edu/user/thoffman/www/N02-15121/review/Chap3/examples AccountTest.java
2002.08.27 21:50 B C:\Documents and Settings\Malcolm\Desktop\N02-15121\review\Chap3\examples\Account.java <-- thoffman-SCS /afs/cs.cmu.edu/user/thoffman/www/N02-15121/review/Chap3/examples Account.java
2002.08.28 09:22 B C:\Documents and Settings\Malcolm\Desktop\F02-15200\review\Chap3\examples\Account.java --> ux8.sp.cs.cmu.edu /afs/cs.cmu.edu/user/thoffman/www/F02-15200/review/Chap3/examples Account.java
2002.08.28 09:22 B C:\Documents and Settings\Malcolm\Desktop\F02-15200\review\Chap3\examples\AccountTest.java --> ux8.sp.cs.cmu.edu /afs/cs.cmu.edu/user/thoffman/www/F02-15200/review/Chap3/examples AccountTest.java
2002.08.28 09:22 B C:\Documents and Settings\Malcolm\Desktop\F02-15200\review\Chap3\examples\AccountTransfer.java --> ux8.sp.cs.cmu.edu /afs/cs.cmu.edu/user/thoffman/www/F02-15200/review/Chap3/examples AccountTransfer.java
2002.08.28 09:22 B C:\Documents and Settings\Malcolm\Desktop\F02-15200\review\Chap3\examples\Circle.class --> ux8.sp.cs.cmu.edu /afs/cs.cmu.edu/user/thoffman/www/F02-15200/review/Chap3/examples Circle.class
2002.08.28 09:22 B C:\Documents and Settings\Malcolm\Desktop\F02-15200\review\Chap3\examples\Drawable.class --> ux8.sp.cs.cmu.edu /afs/cs.cmu.edu/user/thoffman/www/F02-15200/review/Chap3/examples Drawable.class
2002.08.28 09:22 B C:\Documents and Settings\Malcolm\Desktop\F02-15200\review\Chap3\examples\DrawableCircle.class --> ux8.sp.cs.cmu.edu /afs/cs.cmu.edu/user/thoffman/www/F02-15200/review/Chap3/examples DrawableCircle.class
2002.08.28 09:22 B C:\Documents and Settings\Malcolm\Desktop\F02-15200\review\Chap3\examples\foo.class --> ux8.sp.cs.cmu.edu /afs/cs.cmu.edu/user/thoffman/www/F02-15200/review/Chap3/examples foo.class
2002.08.28 09:22 B C:\Documents and Settings\Malcolm\Desktop\F02-15200\review\Chap3\examples\Fraction.java --> ux8.sp.cs.cmu.edu /afs/cs.cmu.edu/user/thoffman/www/F02-15200/review/Chap3/examples Fraction.java
2002.08.28 09:22 B C:\Documents and Settings\Malcolm\Desktop\F02-15200\review\Chap3\examples\FractionTest.java --> ux8.sp.cs.cmu.edu /afs/cs.cmu.edu/user/thoffman/www/F02-15200/review/Chap3/examples FractionTest.java
2002.08.28 09:22 B C:\Documents and Settings\Malcolm\Desktop\F02-15200\review\Chap3\examples\Futile.java --> ux8.sp.cs.cmu.edu /afs/cs.cmu.edu/user/thoffman/www/F02-15200/review/Chap3/examples Futile.java
2002.08.28 09:22 B C:\Documents and Settings\Malcolm\Desktop\F02-15200\review\Chap3\examples\JointTest.java --> ux8.sp.cs.cmu.edu /afs/cs.cmu.edu/user/thoffman/www/F02-15200/review/Chap3/examples JointTest.java
2002.08.28 09:22 B C:\Documents and Settings\Malcolm\Desktop\F02-15200\review\Chap3\examples\PolyTest.java --> ux8.sp.cs.cmu.edu /afs/cs.cmu.edu/user/thoffman/www/F02-15200/review/Chap3/examples PolyTest.java
2002.08.28 09:22 B C:\Documents and Settings\Malcolm\Desktop\F02-15200\review\Chap3\examples\Shape.class --> ux8.sp.cs.cmu.edu /afs/cs.cmu.edu/user/thoffman/www/F02-15200/review/Chap3/examples Shape.class
2002.08.28 09:22 B C:\Documents and Settings\Malcolm\Desktop\F02-15200\review\Chap3\examples\SpecialAccountTest.java --> ux8.sp.cs.cmu.edu /afs/cs.cmu.edu/user/thoffman/www/F02-15200/review/Chap3/examples SpecialAccountTest.java
2002.08.28 09:22 B C:\Documents and Settings\Malcolm\Desktop\F02-15200\review\Chap3\examples\Square.class --> ux8.sp.cs.cmu.edu /afs/cs.cmu.edu/user/thoffman/www/F02-15200/review/Chap3/examples Square.class
2002.08.28 09:22 B C:\Documents and Settings\Malcolm\Desktop\F02-15200\review\Chap3\examples\StaticTest.class --> ux8.sp.cs.cmu.edu /afs/cs.cmu.edu/user/thoffman/www/F02-15200/review/Chap3/examples StaticTest.class
2002.08.28 09:22 B C:\Documents and Settings\Malcolm\Desktop\F02-15200\review\Chap3\examples\StaticTest.java --> ux8.sp.cs.cmu.edu /afs/cs.cmu.edu/user/thoffman/www/F02-15200/review/Chap3/examples StaticTest.java
2002.08.28 09:22 B C:\Documents and Settings\Malcolm\Desktop\F02-15200\review\Chap3\examples\TestDrawable.class --> ux8.sp.cs.cmu.edu /afs/cs.cmu.edu/user/thoffman/www/F02-15200/review/Chap3/examples TestDrawable.class
2002.08.28 09:22 B C:\Documents and Settings\Malcolm\Desktop\F02-15200\review\Chap3\examples\TestDrawable.java --> ux8.sp.cs.cmu.edu /afs/cs.cmu.edu/user/thoffman/www/F02-15200/review/Chap3/examples TestDrawable.java
2002.08.28 09:22 B C:\Documents and Settings\Malcolm\Desktop\F02-15200\review\Chap3\examples\TestShapes.class --> ux8.sp.cs.cmu.edu /afs/cs.cmu.edu/user/thoffman/www/F02-15200/review/Chap3/examples TestShapes.class
2002.08.28 09:22 B C:\Documents and Settings\Malcolm\Desktop\F02-15200\review\Chap3\examples\TestShapes.java --> ux8.sp.cs.cmu.edu /afs/cs.cmu.edu/user/thoffman/www/F02-15200/review/Chap3/examples TestShapes.java
2002.08.28 09:22 B C:\Documents and Settings\Malcolm\Desktop\F02-15200\review\Chap3\examples\Top$NonStatic.class --> ux8.sp.cs.cmu.edu /afs/cs.cmu.edu/user/thoffman/www/F02-15200/review/Chap3/examples Top$NonStatic.class
2002.08.28 09:22 B C:\Documents and Settings\Malcolm\Desktop\F02-15200\review\Chap3\examples\Top$Static.class --> ux8.sp.cs.cmu.edu /afs/cs.cmu.edu/user/thoffman/www/F02-15200/review/Chap3/examples Top$Static.class
2002.08.28 09:22 B C:\Documents and Settings\Malcolm\Desktop\F02-15200\review\Chap3\examples\Top.class --> ux8.sp.cs.cmu.edu /afs/cs.cmu.edu/user/thoffman/www/F02-15200/review/Chap3/examples Top.class
2002.08.28 09:22 B C:\Documents and Settings\Malcolm\Desktop\F02-15200\review\Chap3\examples\Top.java --> ux8.sp.cs.cmu.edu /afs/cs.cmu.edu/user/thoffman/www/F02-15200/review/Chap3/examples Top.java
2002.11.01 12:51 B C:\Documents and Settings\Administrator\Desktop\Chap3\examples\WS_FTP.LOG <-- thoffman-SCS /afs/cs.cmu.edu/user/thoffman/www/F02-15200/review/Chap3/examples WS_FTP.LOG
2002.11.06 09:50 B C:\Documents and Settings\tim\Desktop\OOP\examples\Account.java --> ux8.sp.cs.cmu.edu /afs/cs.cmu.edu/user/thoffman/www/F02-15200/OOP/examples Account.java
2002.11.06 09:50 B C:\Documents and Settings\tim\Desktop\OOP\examples\AccountTest.java --> ux8.sp.cs.cmu.edu /afs/cs.cmu.edu/user/thoffman/www/F02-15200/OOP/examples AccountTest.java
2002.11.06 09:50 B C:\Documents and Settings\tim\Desktop\OOP\examples\AccountTransfer.java --> ux8.sp.cs.cmu.edu /afs/cs.cmu.edu/user/thoffman/www/F02-15200/OOP/examples AccountTransfer.java
2002.11.06 09:50 B C:\Documents and Settings\tim\Desktop\OOP\examples\Circle.class --> ux8.sp.cs.cmu.edu /afs/cs.cmu.edu/user/thoffman/www/F02-15200/OOP/examples Circle.class
2002.11.06 09:50 B C:\Documents and Settings\tim\Desktop\OOP\examples\Drawable.class --> ux8.sp.cs.cmu.edu /afs/cs.cmu.edu/user/thoffman/www/F02-15200/OOP/examples Drawable.class
2002.11.06 09:50 B C:\Documents and Settings\tim\Desktop\OOP\examples\DrawableCircle.class --> ux8.sp.cs.cmu.edu /afs/cs.cmu.edu/user/thoffman/www/F02-15200/OOP/examples DrawableCircle.class
2002.11.06 09:50 B C:\Documents and Settings\tim\Desktop\OOP\examples\foo.class --> ux8.sp.cs.cmu.edu /afs/cs.cmu.edu/user/thoffman/www/F02-15200/OOP/examples foo.class
2002.11.06 09:50 B C:\Documents and Settings\tim\Desktop\OOP\examples\Fraction.java --> ux8.sp.cs.cmu.edu /afs/cs.cmu.edu/user/thoffman/www/F02-15200/OOP/examples Fraction.java
2002.11.06 09:50 B C:\Documents and Settings\tim\Desktop\OOP\examples\FractionTest.java --> ux8.sp.cs.cmu.edu /afs/cs.cmu.edu/user/thoffman/www/F02-15200/OOP/examples FractionTest.java
2002.11.06 09:50 B C:\Documents and Settings\tim\Desktop\OOP\examples\Futile.java --> ux8.sp.cs.cmu.edu /afs/cs.cmu.edu/user/thoffman/www/F02-15200/OOP/examples Futile.java
2002.11.06 09:50 B C:\Documents and Settings\tim\Desktop\OOP\examples\JointTest.java --> ux8.sp.cs.cmu.edu /afs/cs.cmu.edu/user/thoffman/www/F02-15200/OOP/examples JointTest.java
2002.11.06 09:50 B C:\Documents and Settings\tim\Desktop\OOP\examples\Point2D.java --> ux8.sp.cs.cmu.edu /afs/cs.cmu.edu/user/thoffman/www/F02-15200/OOP/examples Point2D.java
2002.11.06 09:50 B C:\Documents and Settings\tim\Desktop\OOP\examples\Point3D.java --> ux8.sp.cs.cmu.edu /afs/cs.cmu.edu/user/thoffman/www/F02-15200/OOP/examples Point3D.java
2002.11.06 09:50 B C:\Documents and Settings\tim\Desktop\OOP\examples\PointTester.java --> ux8.sp.cs.cmu.edu /afs/cs.cmu.edu/user/thoffman/www/F02-15200/OOP/examples PointTester.java
2002.11.06 09:51 B C:\Documents and Settings\tim\Desktop\OOP\examples\PolyTest.java --> ux8.sp.cs.cmu.edu /afs/cs.cmu.edu/user/thoffman/www/F02-15200/OOP/examples PolyTest.java
2002.11.06 09:51 B C:\Documents and Settings\tim\Desktop\OOP\examples\Shape.class --> ux8.sp.cs.cmu.edu /afs/cs.cmu.edu/user/thoffman/www/F02-15200/OOP/examples Shape.class
2002.11.06 09:51 B C:\Documents and Settings\tim\Desktop\OOP\examples\SpecialAccountTest.java --> ux8.sp.cs.cmu.edu /afs/cs.cmu.edu/user/thoffman/www/F02-15200/OOP/examples SpecialAccountTest.java
2002.11.06 09:51 B C:\Documents and Settings\tim\Desktop\OOP\examples\Square.class --> ux8.sp.cs.cmu.edu /afs/cs.cmu.edu/user/thoffman/www/F02-15200/OOP/examples Square.class
2002.11.06 09:51 B C:\Documents and Settings\tim\Desktop\OOP\examples\StaticTest.class --> ux8.sp.cs.cmu.edu /afs/cs.cmu.edu/user/thoffman/www/F02-15200/OOP/examples StaticTest.class
2002.11.06 09:51 B C:\Documents and Settings\tim\Desktop\OOP\examples\StaticTest.java --> ux8.sp.cs.cmu.edu /afs/cs.cmu.edu/user/thoffman/www/F02-15200/OOP/examples StaticTest.java
2002.11.06 09:51 B C:\Documents and Settings\tim\Desktop\OOP\examples\TestDrawable.class --> ux8.sp.cs.cmu.edu /afs/cs.cmu.edu/user/thoffman/www/F02-15200/OOP/examples TestDrawable.class
2002.11.06 09:51 B C:\Documents and Settings\tim\Desktop\OOP\examples\TestDrawable.java --> ux8.sp.cs.cmu.edu /afs/cs.cmu.edu/user/thoffman/www/F02-15200/OOP/examples TestDrawable.java
2002.11.06 09:51 B C:\Documents and Settings\tim\Desktop\OOP\examples\TestShapes.class --> ux8.sp.cs.cmu.edu /afs/cs.cmu.edu/user/thoffman/www/F02-15200/OOP/examples TestShapes.class
2002.11.06 09:51 B C:\Documents and Settings\tim\Desktop\OOP\examples\TestShapes.java --> ux8.sp.cs.cmu.edu /afs/cs.cmu.edu/user/thoffman/www/F02-15200/OOP/examples TestShapes.java
2002.11.06 09:51 B C:\Documents and Settings\tim\Desktop\OOP\examples\Top$NonStatic.class --> ux8.sp.cs.cmu.edu /afs/cs.cmu.edu/user/thoffman/www/F02-15200/OOP/examples Top$NonStatic.class
2002.11.06 09:51 B C:\Documents and Settings\tim\Desktop\OOP\examples\Top$Static.class --> ux8.sp.cs.cmu.edu /afs/cs.cmu.edu/user/thoffman/www/F02-15200/OOP/examples Top$Static.class
2002.11.06 09:51 B C:\Documents and Settings\tim\Desktop\OOP\examples\Top.class --> ux8.sp.cs.cmu.edu /afs/cs.cmu.edu/user/thoffman/www/F02-15200/OOP/examples Top.class
2002.11.06 09:51 B C:\Documents and Settings\tim\Desktop\OOP\examples\Top.java --> ux8.sp.cs.cmu.edu /afs/cs.cmu.edu/user/thoffman/www/F02-15200/OOP/examples Top.java
2003.07.14 20:48 B F:\SCS-WWW-Backup\old-courses\F02-15200\OOP\examples\WS_FTP.LOG <-- thoffman-SCS /afs/cs.cmu.edu/user/thoffman/www/old-courses/F02-15200/OOP/examples WS_FTP.LOG
