2004.02.05 02:21 B D:\myDocs\Academic\CMU\ux8.sp.cs.cmu.edu\S04-15200\recitations\Feb-05\Fraction.class --> ux8.sp.cs.cmu.edu /afs/cs.cmu.edu/user/thoffman/www/S04-15200/recitations/Feb-05 Fraction.class
2004.02.05 02:21 B D:\myDocs\Academic\CMU\ux8.sp.cs.cmu.edu\S04-15200\recitations\Feb-05\Fraction.java --> ux8.sp.cs.cmu.edu /afs/cs.cmu.edu/user/thoffman/www/S04-15200/recitations/Feb-05 Fraction.java
2004.02.05 02:21 B D:\myDocs\Academic\CMU\ux8.sp.cs.cmu.edu\S04-15200\recitations\Feb-05\index.html --> ux8.sp.cs.cmu.edu /afs/cs.cmu.edu/user/thoffman/www/S04-15200/recitations/Feb-05 index.html
2004.02.05 02:21 B D:\myDocs\Academic\CMU\ux8.sp.cs.cmu.edu\S04-15200\recitations\Feb-05\LinkedList.class --> ux8.sp.cs.cmu.edu /afs/cs.cmu.edu/user/thoffman/www/S04-15200/recitations/Feb-05 LinkedList.class
2004.02.05 02:21 B D:\myDocs\Academic\CMU\ux8.sp.cs.cmu.edu\S04-15200\recitations\Feb-05\LinkedList.java --> ux8.sp.cs.cmu.edu /afs/cs.cmu.edu/user/thoffman/www/S04-15200/recitations/Feb-05 LinkedList.java
2004.02.05 02:21 B D:\myDocs\Academic\CMU\ux8.sp.cs.cmu.edu\S04-15200\recitations\Feb-05\LinkedListTester.class --> ux8.sp.cs.cmu.edu /afs/cs.cmu.edu/user/thoffman/www/S04-15200/recitations/Feb-05 LinkedListTester.class
2004.02.05 02:21 B D:\myDocs\Academic\CMU\ux8.sp.cs.cmu.edu\S04-15200\recitations\Feb-05\LinkedListTester.java --> ux8.sp.cs.cmu.edu /afs/cs.cmu.edu/user/thoffman/www/S04-15200/recitations/Feb-05 LinkedListTester.java
2004.02.05 02:21 B D:\myDocs\Academic\CMU\ux8.sp.cs.cmu.edu\S04-15200\recitations\Feb-05\ListElement.class --> ux8.sp.cs.cmu.edu /afs/cs.cmu.edu/user/thoffman/www/S04-15200/recitations/Feb-05 ListElement.class
2004.02.05 02:21 B D:\myDocs\Academic\CMU\ux8.sp.cs.cmu.edu\S04-15200\recitations\Feb-05\ListElement.java --> ux8.sp.cs.cmu.edu /afs/cs.cmu.edu/user/thoffman/www/S04-15200/recitations/Feb-05 ListElement.java
2004.02.05 02:21 B D:\myDocs\Academic\CMU\ux8.sp.cs.cmu.edu\S04-15200\recitations\Feb-05\MixingTypes.zip --> ux8.sp.cs.cmu.edu /afs/cs.cmu.edu/user/thoffman/www/S04-15200/recitations/Feb-05 MixingTypes.zip
2004.02.05 02:21 B D:\myDocs\Academic\CMU\ux8.sp.cs.cmu.edu\S04-15200\recitations\Feb-05\Point2D.class --> ux8.sp.cs.cmu.edu /afs/cs.cmu.edu/user/thoffman/www/S04-15200/recitations/Feb-05 Point2D.class
2004.02.05 02:21 B D:\myDocs\Academic\CMU\ux8.sp.cs.cmu.edu\S04-15200\recitations\Feb-05\Point2D.java --> ux8.sp.cs.cmu.edu /afs/cs.cmu.edu/user/thoffman/www/S04-15200/recitations/Feb-05 Point2D.java
2004.02.05 02:21 B D:\myDocs\Academic\CMU\ux8.sp.cs.cmu.edu\S04-15200\recitations\Feb-05\Student.class --> ux8.sp.cs.cmu.edu /afs/cs.cmu.edu/user/thoffman/www/S04-15200/recitations/Feb-05 Student.class
2004.02.05 02:21 B D:\myDocs\Academic\CMU\ux8.sp.cs.cmu.edu\S04-15200\recitations\Feb-05\Student.java --> ux8.sp.cs.cmu.edu /afs/cs.cmu.edu/user/thoffman/www/S04-15200/recitations/Feb-05 Student.java
2004.02.05 10:01 B D:\myDocs\Academic\CMU\ux8.sp.cs.cmu.edu\S04-15200\recitations\Feb-05\Fraction.class --> ux8.sp.cs.cmu.edu /afs/cs.cmu.edu/user/thoffman/www/S04-15200/recitations/Feb-05 Fraction.class
2004.02.05 10:01 B D:\myDocs\Academic\CMU\ux8.sp.cs.cmu.edu\S04-15200\recitations\Feb-05\Fraction.java --> ux8.sp.cs.cmu.edu /afs/cs.cmu.edu/user/thoffman/www/S04-15200/recitations/Feb-05 Fraction.java
2004.02.05 10:01 B D:\myDocs\Academic\CMU\ux8.sp.cs.cmu.edu\S04-15200\recitations\Feb-05\index.html --> ux8.sp.cs.cmu.edu /afs/cs.cmu.edu/user/thoffman/www/S04-15200/recitations/Feb-05 index.html
2004.02.05 10:01 B D:\myDocs\Academic\CMU\ux8.sp.cs.cmu.edu\S04-15200\recitations\Feb-05\LinkedList.class --> ux8.sp.cs.cmu.edu /afs/cs.cmu.edu/user/thoffman/www/S04-15200/recitations/Feb-05 LinkedList.class
2004.02.05 10:01 B D:\myDocs\Academic\CMU\ux8.sp.cs.cmu.edu\S04-15200\recitations\Feb-05\LinkedList.java --> ux8.sp.cs.cmu.edu /afs/cs.cmu.edu/user/thoffman/www/S04-15200/recitations/Feb-05 LinkedList.java
2004.02.05 10:01 B D:\myDocs\Academic\CMU\ux8.sp.cs.cmu.edu\S04-15200\recitations\Feb-05\LinkedListTester.class --> ux8.sp.cs.cmu.edu /afs/cs.cmu.edu/user/thoffman/www/S04-15200/recitations/Feb-05 LinkedListTester.class
2004.02.05 10:01 B D:\myDocs\Academic\CMU\ux8.sp.cs.cmu.edu\S04-15200\recitations\Feb-05\LinkedListTester.java --> ux8.sp.cs.cmu.edu /afs/cs.cmu.edu/user/thoffman/www/S04-15200/recitations/Feb-05 LinkedListTester.java
2004.02.05 10:01 B D:\myDocs\Academic\CMU\ux8.sp.cs.cmu.edu\S04-15200\recitations\Feb-05\ListElement.class --> ux8.sp.cs.cmu.edu /afs/cs.cmu.edu/user/thoffman/www/S04-15200/recitations/Feb-05 ListElement.class
2004.02.05 10:01 B D:\myDocs\Academic\CMU\ux8.sp.cs.cmu.edu\S04-15200\recitations\Feb-05\ListElement.java --> ux8.sp.cs.cmu.edu /afs/cs.cmu.edu/user/thoffman/www/S04-15200/recitations/Feb-05 ListElement.java
2004.02.05 10:02 B D:\myDocs\Academic\CMU\ux8.sp.cs.cmu.edu\S04-15200\recitations\Feb-05\MixingTypes.zip --> ux8.sp.cs.cmu.edu /afs/cs.cmu.edu/user/thoffman/www/S04-15200/recitations/Feb-05 MixingTypes.zip
2004.02.05 10:02 B D:\myDocs\Academic\CMU\ux8.sp.cs.cmu.edu\S04-15200\recitations\Feb-05\Point2D.class --> ux8.sp.cs.cmu.edu /afs/cs.cmu.edu/user/thoffman/www/S04-15200/recitations/Feb-05 Point2D.class
2004.02.05 10:02 B D:\myDocs\Academic\CMU\ux8.sp.cs.cmu.edu\S04-15200\recitations\Feb-05\Point2D.java --> ux8.sp.cs.cmu.edu /afs/cs.cmu.edu/user/thoffman/www/S04-15200/recitations/Feb-05 Point2D.java
2004.02.05 10:02 B D:\myDocs\Academic\CMU\ux8.sp.cs.cmu.edu\S04-15200\recitations\Feb-05\Student.class --> ux8.sp.cs.cmu.edu /afs/cs.cmu.edu/user/thoffman/www/S04-15200/recitations/Feb-05 Student.class
2004.02.05 10:02 B D:\myDocs\Academic\CMU\ux8.sp.cs.cmu.edu\S04-15200\recitations\Feb-05\Student.java --> ux8.sp.cs.cmu.edu /afs/cs.cmu.edu/user/thoffman/www/S04-15200/recitations/Feb-05 Student.java
2004.02.05 10:02 B D:\myDocs\Academic\CMU\ux8.sp.cs.cmu.edu\S04-15200\recitations\Feb-05\UsesComparable.zip --> ux8.sp.cs.cmu.edu /afs/cs.cmu.edu/user/thoffman/www/S04-15200/recitations/Feb-05 UsesComparable.zip
2004.02.05 17:54 B D:\myDocs\Academic\CMU\ux8.sp.cs.cmu.edu\S04-15200\recitations\Feb-05\Fraction.class <-- ux8.sp.cs.cmu.edu /afs/cs.cmu.edu/user/thoffman/www/S04-15200/recitations/Feb-05 Fraction.class
2004.02.05 17:54 B D:\myDocs\Academic\CMU\ux8.sp.cs.cmu.edu\S04-15200\recitations\Feb-05\Fraction.java <-- ux8.sp.cs.cmu.edu /afs/cs.cmu.edu/user/thoffman/www/S04-15200/recitations/Feb-05 Fraction.java
2004.02.05 17:54 B D:\myDocs\Academic\CMU\ux8.sp.cs.cmu.edu\S04-15200\recitations\Feb-05\index.html <-- ux8.sp.cs.cmu.edu /afs/cs.cmu.edu/user/thoffman/www/S04-15200/recitations/Feb-05 index.html
2004.02.05 17:54 B D:\myDocs\Academic\CMU\ux8.sp.cs.cmu.edu\S04-15200\recitations\Feb-05\LinkedList.class <-- ux8.sp.cs.cmu.edu /afs/cs.cmu.edu/user/thoffman/www/S04-15200/recitations/Feb-05 LinkedList.class
2004.02.05 17:54 B D:\myDocs\Academic\CMU\ux8.sp.cs.cmu.edu\S04-15200\recitations\Feb-05\LinkedList.java <-- ux8.sp.cs.cmu.edu /afs/cs.cmu.edu/user/thoffman/www/S04-15200/recitations/Feb-05 LinkedList.java
2004.02.05 17:54 B D:\myDocs\Academic\CMU\ux8.sp.cs.cmu.edu\S04-15200\recitations\Feb-05\LinkedListTester.class <-- ux8.sp.cs.cmu.edu /afs/cs.cmu.edu/user/thoffman/www/S04-15200/recitations/Feb-05 LinkedListTester.class
2004.02.05 17:54 B D:\myDocs\Academic\CMU\ux8.sp.cs.cmu.edu\S04-15200\recitations\Feb-05\LinkedListTester.java <-- ux8.sp.cs.cmu.edu /afs/cs.cmu.edu/user/thoffman/www/S04-15200/recitations/Feb-05 LinkedListTester.java
2004.02.05 17:54 B D:\myDocs\Academic\CMU\ux8.sp.cs.cmu.edu\S04-15200\recitations\Feb-05\ListElement.class <-- ux8.sp.cs.cmu.edu /afs/cs.cmu.edu/user/thoffman/www/S04-15200/recitations/Feb-05 ListElement.class
2004.02.05 17:54 B D:\myDocs\Academic\CMU\ux8.sp.cs.cmu.edu\S04-15200\recitations\Feb-05\ListElement.java <-- ux8.sp.cs.cmu.edu /afs/cs.cmu.edu/user/thoffman/www/S04-15200/recitations/Feb-05 ListElement.java
2004.02.05 17:54 B D:\myDocs\Academic\CMU\ux8.sp.cs.cmu.edu\S04-15200\recitations\Feb-05\MixingTypes.zip <-- ux8.sp.cs.cmu.edu /afs/cs.cmu.edu/user/thoffman/www/S04-15200/recitations/Feb-05 MixingTypes.zip
2004.02.05 17:54 B D:\myDocs\Academic\CMU\ux8.sp.cs.cmu.edu\S04-15200\recitations\Feb-05\Point2D.class <-- ux8.sp.cs.cmu.edu /afs/cs.cmu.edu/user/thoffman/www/S04-15200/recitations/Feb-05 Point2D.class
2004.02.05 17:54 B D:\myDocs\Academic\CMU\ux8.sp.cs.cmu.edu\S04-15200\recitations\Feb-05\Point2D.java <-- ux8.sp.cs.cmu.edu /afs/cs.cmu.edu/user/thoffman/www/S04-15200/recitations/Feb-05 Point2D.java
2004.02.05 17:54 B D:\myDocs\Academic\CMU\ux8.sp.cs.cmu.edu\S04-15200\recitations\Feb-05\Student.class <-- ux8.sp.cs.cmu.edu /afs/cs.cmu.edu/user/thoffman/www/S04-15200/recitations/Feb-05 Student.class
2004.02.05 17:54 B D:\myDocs\Academic\CMU\ux8.sp.cs.cmu.edu\S04-15200\recitations\Feb-05\Student.java <-- ux8.sp.cs.cmu.edu /afs/cs.cmu.edu/user/thoffman/www/S04-15200/recitations/Feb-05 Student.java
2004.02.05 17:54 B D:\myDocs\Academic\CMU\ux8.sp.cs.cmu.edu\S04-15200\recitations\Feb-05\UsesComparable.zip <-- ux8.sp.cs.cmu.edu /afs/cs.cmu.edu/user/thoffman/www/S04-15200/recitations/Feb-05 UsesComparable.zip
