2003.07.26 12:23 B C:\Documents and Settings\tim\Desktop\2003-Jul-28\Applets.zip --> 128.2.185.209 /www/N03-15100-APEA/lectures/2003-Jul-28 Applets.zip
2003.07.26 12:24 B C:\Documents and Settings\tim\Desktop\2003-Jul-28\index.html --> 128.2.185.209 /www/N03-15100-APEA/lectures/2003-Jul-28 index.html
2003.07.26 12:24 B C:\Documents and Settings\tim\Desktop\2003-Jul-28\EtchSketch.class --> 128.2.185.209 /www/N03-15100-APEA/lectures/2003-Jul-28 EtchSketch.class
2003.07.26 12:24 B C:\Documents and Settings\tim\Desktop\2003-Jul-28\EtchSketch.html --> 128.2.185.209 /www/N03-15100-APEA/lectures/2003-Jul-28 EtchSketch.html
2003.07.26 12:24 B C:\Documents and Settings\tim\Desktop\2003-Jul-28\EtchSketch.java --> 128.2.185.209 /www/N03-15100-APEA/lectures/2003-Jul-28 EtchSketch.java
2003.07.26 12:27 B C:\Documents and Settings\tim\Desktop\2003-Jul-28\Applets.zip --> ux8.sp.cs.cmu.edu /afs/cs.cmu.edu/user/thoffman/www/N03-15100-APEA/lectures/2003-Jul-28 Applets.zip
2003.07.26 12:27 B C:\Documents and Settings\tim\Desktop\2003-Jul-28\EtchSketch.class --> ux8.sp.cs.cmu.edu /afs/cs.cmu.edu/user/thoffman/www/N03-15100-APEA/lectures/2003-Jul-28 EtchSketch.class
2003.07.26 12:27 B C:\Documents and Settings\tim\Desktop\2003-Jul-28\EtchSketch.html --> ux8.sp.cs.cmu.edu /afs/cs.cmu.edu/user/thoffman/www/N03-15100-APEA/lectures/2003-Jul-28 EtchSketch.html
2003.07.26 12:27 B C:\Documents and Settings\tim\Desktop\2003-Jul-28\EtchSketch.java --> ux8.sp.cs.cmu.edu /afs/cs.cmu.edu/user/thoffman/www/N03-15100-APEA/lectures/2003-Jul-28 EtchSketch.java
2003.07.26 12:27 B C:\Documents and Settings\tim\Desktop\2003-Jul-28\index.html --> ux8.sp.cs.cmu.edu /afs/cs.cmu.edu/user/thoffman/www/N03-15100-APEA/lectures/2003-Jul-28 index.html
2003.07.26 12:27 B C:\Documents and Settings\tim\Desktop\2003-Jul-28\WS_FTP.LOG --> ux8.sp.cs.cmu.edu /afs/cs.cmu.edu/user/thoffman/www/N03-15100-APEA/lectures/2003-Jul-28 WS_FTP.LOG
2003.07.30 18:47 B D:\FTP_ROOT\www\N03-15100-APEA\lectures\2003-Jul-28\.Index.txt --> ux8.sp.cs.cmu.edu /afs/cs.cmu.edu/user/thoffman/www/N03-15100-APEA/lectures/2003-Jul-28 .Index.txt
2003.07.31 00:21 B D:\FTP_ROOT\www\N03-15100-APEA\lectures\2003-Jul-28\WS_FTP.LOG --> ux8.sp.cs.cmu.edu /afs/cs.cmu.edu/user/thoffman/www/N03-15100-APEA/lectures/2003-Jul-28 WS_FTP.LOG
2004.03.31 00:05 B D:\myDocs\Academic\CMU\ux8.sp.cs.cmu.edu\S04-15200\lectures\Mar-31\.Index.txt --> ux8.sp.cs.cmu.edu /afs/cs.cmu.edu/user/thoffman/www/S04-15200/lectures/Mar-31 .Index.txt
2004.03.31 00:05 B D:\myDocs\Academic\CMU\ux8.sp.cs.cmu.edu\S04-15200\lectures\Mar-31\Applets.zip --> ux8.sp.cs.cmu.edu /afs/cs.cmu.edu/user/thoffman/www/S04-15200/lectures/Mar-31 Applets.zip
2004.03.31 00:05 B D:\myDocs\Academic\CMU\ux8.sp.cs.cmu.edu\S04-15200\lectures\Mar-31\Child.java --> ux8.sp.cs.cmu.edu /afs/cs.cmu.edu/user/thoffman/www/S04-15200/lectures/Mar-31 Child.java
2004.03.31 00:05 B D:\myDocs\Academic\CMU\ux8.sp.cs.cmu.edu\S04-15200\lectures\Mar-31\EtchSketch.class --> ux8.sp.cs.cmu.edu /afs/cs.cmu.edu/user/thoffman/www/S04-15200/lectures/Mar-31 EtchSketch.class
2004.03.31 00:05 B D:\myDocs\Academic\CMU\ux8.sp.cs.cmu.edu\S04-15200\lectures\Mar-31\EtchSketch.html --> ux8.sp.cs.cmu.edu /afs/cs.cmu.edu/user/thoffman/www/S04-15200/lectures/Mar-31 EtchSketch.html
2004.03.31 00:05 B D:\myDocs\Academic\CMU\ux8.sp.cs.cmu.edu\S04-15200\lectures\Mar-31\EtchSketch.java --> ux8.sp.cs.cmu.edu /afs/cs.cmu.edu/user/thoffman/www/S04-15200/lectures/Mar-31 EtchSketch.java
2004.03.31 00:05 B D:\myDocs\Academic\CMU\ux8.sp.cs.cmu.edu\S04-15200\lectures\Mar-31\FirstEvent.class --> ux8.sp.cs.cmu.edu /afs/cs.cmu.edu/user/thoffman/www/S04-15200/lectures/Mar-31 FirstEvent.class
2004.03.31 00:05 B D:\myDocs\Academic\CMU\ux8.sp.cs.cmu.edu\S04-15200\lectures\Mar-31\FirstEvent.html --> ux8.sp.cs.cmu.edu /afs/cs.cmu.edu/user/thoffman/www/S04-15200/lectures/Mar-31 FirstEvent.html
2004.03.31 00:05 B D:\myDocs\Academic\CMU\ux8.sp.cs.cmu.edu\S04-15200\lectures\Mar-31\FirstEvent.java --> ux8.sp.cs.cmu.edu /afs/cs.cmu.edu/user/thoffman/www/S04-15200/lectures/Mar-31 FirstEvent.java
2004.03.31 00:05 B D:\myDocs\Academic\CMU\ux8.sp.cs.cmu.edu\S04-15200\lectures\Mar-31\index.html --> ux8.sp.cs.cmu.edu /afs/cs.cmu.edu/user/thoffman/www/S04-15200/lectures/Mar-31 index.html
2004.03.31 00:05 B D:\myDocs\Academic\CMU\ux8.sp.cs.cmu.edu\S04-15200\lectures\Mar-31\JApplet0.class --> ux8.sp.cs.cmu.edu /afs/cs.cmu.edu/user/thoffman/www/S04-15200/lectures/Mar-31 JApplet0.class
2004.03.31 00:05 B D:\myDocs\Academic\CMU\ux8.sp.cs.cmu.edu\S04-15200\lectures\Mar-31\JApplet0.html --> ux8.sp.cs.cmu.edu /afs/cs.cmu.edu/user/thoffman/www/S04-15200/lectures/Mar-31 JApplet0.html
2004.03.31 00:05 B D:\myDocs\Academic\CMU\ux8.sp.cs.cmu.edu\S04-15200\lectures\Mar-31\JApplet0.java --> ux8.sp.cs.cmu.edu /afs/cs.cmu.edu/user/thoffman/www/S04-15200/lectures/Mar-31 JApplet0.java
2004.03.31 00:05 B D:\myDocs\Academic\CMU\ux8.sp.cs.cmu.edu\S04-15200\lectures\Mar-31\JApplet1.class --> ux8.sp.cs.cmu.edu /afs/cs.cmu.edu/user/thoffman/www/S04-15200/lectures/Mar-31 JApplet1.class
2004.03.31 00:05 B D:\myDocs\Academic\CMU\ux8.sp.cs.cmu.edu\S04-15200\lectures\Mar-31\JApplet1.html --> ux8.sp.cs.cmu.edu /afs/cs.cmu.edu/user/thoffman/www/S04-15200/lectures/Mar-31 JApplet1.html
2004.03.31 00:05 B D:\myDocs\Academic\CMU\ux8.sp.cs.cmu.edu\S04-15200\lectures\Mar-31\JApplet1.java --> ux8.sp.cs.cmu.edu /afs/cs.cmu.edu/user/thoffman/www/S04-15200/lectures/Mar-31 JApplet1.java
2004.03.31 00:05 B D:\myDocs\Academic\CMU\ux8.sp.cs.cmu.edu\S04-15200\lectures\Mar-31\JApplet2.class --> ux8.sp.cs.cmu.edu /afs/cs.cmu.edu/user/thoffman/www/S04-15200/lectures/Mar-31 JApplet2.class
2004.03.31 00:05 B D:\myDocs\Academic\CMU\ux8.sp.cs.cmu.edu\S04-15200\lectures\Mar-31\JApplet2.html --> ux8.sp.cs.cmu.edu /afs/cs.cmu.edu/user/thoffman/www/S04-15200/lectures/Mar-31 JApplet2.html
2004.03.31 00:05 B D:\myDocs\Academic\CMU\ux8.sp.cs.cmu.edu\S04-15200\lectures\Mar-31\JApplet2.java --> ux8.sp.cs.cmu.edu /afs/cs.cmu.edu/user/thoffman/www/S04-15200/lectures/Mar-31 JApplet2.java
2004.03.31 00:05 B D:\myDocs\Academic\CMU\ux8.sp.cs.cmu.edu\S04-15200\lectures\Mar-31\JApplet3.class --> ux8.sp.cs.cmu.edu /afs/cs.cmu.edu/user/thoffman/www/S04-15200/lectures/Mar-31 JApplet3.class
2004.03.31 00:05 B D:\myDocs\Academic\CMU\ux8.sp.cs.cmu.edu\S04-15200\lectures\Mar-31\JApplet3.html --> ux8.sp.cs.cmu.edu /afs/cs.cmu.edu/user/thoffman/www/S04-15200/lectures/Mar-31 JApplet3.html
2004.03.31 00:05 B D:\myDocs\Academic\CMU\ux8.sp.cs.cmu.edu\S04-15200\lectures\Mar-31\JApplet3.java --> ux8.sp.cs.cmu.edu /afs/cs.cmu.edu/user/thoffman/www/S04-15200/lectures/Mar-31 JApplet3.java
2004.03.31 00:05 B D:\myDocs\Academic\CMU\ux8.sp.cs.cmu.edu\S04-15200\lectures\Mar-31\JApplet4$1.class --> ux8.sp.cs.cmu.edu /afs/cs.cmu.edu/user/thoffman/www/S04-15200/lectures/Mar-31 JApplet4$1.class
2004.03.31 00:05 B D:\myDocs\Academic\CMU\ux8.sp.cs.cmu.edu\S04-15200\lectures\Mar-31\JApplet4$myJButtonHandler.class --> ux8.sp.cs.cmu.edu /afs/cs.cmu.edu/user/thoffman/www/S04-15200/lectures/Mar-31 JApplet4$myJButtonHandler.class
2004.03.31 00:05 B D:\myDocs\Academic\CMU\ux8.sp.cs.cmu.edu\S04-15200\lectures\Mar-31\JApplet4.class --> ux8.sp.cs.cmu.edu /afs/cs.cmu.edu/user/thoffman/www/S04-15200/lectures/Mar-31 JApplet4.class
2004.03.31 00:05 B D:\myDocs\Academic\CMU\ux8.sp.cs.cmu.edu\S04-15200\lectures\Mar-31\JApplet4.html --> ux8.sp.cs.cmu.edu /afs/cs.cmu.edu/user/thoffman/www/S04-15200/lectures/Mar-31 JApplet4.html
2004.03.31 00:05 B D:\myDocs\Academic\CMU\ux8.sp.cs.cmu.edu\S04-15200\lectures\Mar-31\JApplet4.java --> ux8.sp.cs.cmu.edu /afs/cs.cmu.edu/user/thoffman/www/S04-15200/lectures/Mar-31 JApplet4.java
2004.03.31 00:05 B D:\myDocs\Academic\CMU\ux8.sp.cs.cmu.edu\S04-15200\lectures\Mar-31\JApplet5$1.class --> ux8.sp.cs.cmu.edu /afs/cs.cmu.edu/user/thoffman/www/S04-15200/lectures/Mar-31 JApplet5$1.class
2004.03.31 00:05 B D:\myDocs\Academic\CMU\ux8.sp.cs.cmu.edu\S04-15200\lectures\Mar-31\JApplet5$MyJButtonHandler.class --> ux8.sp.cs.cmu.edu /afs/cs.cmu.edu/user/thoffman/www/S04-15200/lectures/Mar-31 JApplet5$MyJButtonHandler.class
2004.03.31 00:05 B D:\myDocs\Academic\CMU\ux8.sp.cs.cmu.edu\S04-15200\lectures\Mar-31\JApplet5.class --> ux8.sp.cs.cmu.edu /afs/cs.cmu.edu/user/thoffman/www/S04-15200/lectures/Mar-31 JApplet5.class
2004.03.31 00:05 B D:\myDocs\Academic\CMU\ux8.sp.cs.cmu.edu\S04-15200\lectures\Mar-31\JApplet5.html --> ux8.sp.cs.cmu.edu /afs/cs.cmu.edu/user/thoffman/www/S04-15200/lectures/Mar-31 JApplet5.html
2004.03.31 00:05 B D:\myDocs\Academic\CMU\ux8.sp.cs.cmu.edu\S04-15200\lectures\Mar-31\JApplet5.java --> ux8.sp.cs.cmu.edu /afs/cs.cmu.edu/user/thoffman/www/S04-15200/lectures/Mar-31 JApplet5.java
2004.03.31 00:05 B D:\myDocs\Academic\CMU\ux8.sp.cs.cmu.edu\S04-15200\lectures\Mar-31\JApplet6$1.class --> ux8.sp.cs.cmu.edu /afs/cs.cmu.edu/user/thoffman/www/S04-15200/lectures/Mar-31 JApplet6$1.class
2004.03.31 00:05 B D:\myDocs\Academic\CMU\ux8.sp.cs.cmu.edu\S04-15200\lectures\Mar-31\JApplet6$MyScrollBarHandler.class --> ux8.sp.cs.cmu.edu /afs/cs.cmu.edu/user/thoffman/www/S04-15200/lectures/Mar-31 JApplet6$MyScrollBarHandler.class
2004.03.31 00:05 B D:\myDocs\Academic\CMU\ux8.sp.cs.cmu.edu\S04-15200\lectures\Mar-31\JApplet6.class --> ux8.sp.cs.cmu.edu /afs/cs.cmu.edu/user/thoffman/www/S04-15200/lectures/Mar-31 JApplet6.class
2004.03.31 00:05 B D:\myDocs\Academic\CMU\ux8.sp.cs.cmu.edu\S04-15200\lectures\Mar-31\JApplet6.html --> ux8.sp.cs.cmu.edu /afs/cs.cmu.edu/user/thoffman/www/S04-15200/lectures/Mar-31 JApplet6.html
2004.03.31 00:05 B D:\myDocs\Academic\CMU\ux8.sp.cs.cmu.edu\S04-15200\lectures\Mar-31\JApplet6.java --> ux8.sp.cs.cmu.edu /afs/cs.cmu.edu/user/thoffman/www/S04-15200/lectures/Mar-31 JApplet6.java
2004.03.31 00:05 B D:\myDocs\Academic\CMU\ux8.sp.cs.cmu.edu\S04-15200\lectures\Mar-31\Methods.txt --> ux8.sp.cs.cmu.edu /afs/cs.cmu.edu/user/thoffman/www/S04-15200/lectures/Mar-31 Methods.txt
2004.03.31 00:05 B D:\myDocs\Academic\CMU\ux8.sp.cs.cmu.edu\S04-15200\lectures\Mar-31\WS_FTP.LOG --> ux8.sp.cs.cmu.edu /afs/cs.cmu.edu/user/thoffman/www/S04-15200/lectures/Mar-31 WS_FTP.LOG
2005.06.24 11:36 B D:\MyDocs\Academic\CMU\ux8.sp.cs.cmu.edu\2005-PGSS\Lab1\.Index.txt --> ux8.sp.cs.cmu.edu /afs/cs.cmu.edu/user/thoffman/www/2005-PGSS/Lab1 .Index.txt
2005.06.24 11:36 B D:\MyDocs\Academic\CMU\ux8.sp.cs.cmu.edu\2005-PGSS\Lab1\Applets.zip --> ux8.sp.cs.cmu.edu /afs/cs.cmu.edu/user/thoffman/www/2005-PGSS/Lab1 Applets.zip
2005.06.24 11:36 B D:\MyDocs\Academic\CMU\ux8.sp.cs.cmu.edu\2005-PGSS\Lab1\Child.java --> ux8.sp.cs.cmu.edu /afs/cs.cmu.edu/user/thoffman/www/2005-PGSS/Lab1 Child.java
2005.06.24 11:36 B D:\MyDocs\Academic\CMU\ux8.sp.cs.cmu.edu\2005-PGSS\Lab1\EtchSketch.class --> ux8.sp.cs.cmu.edu /afs/cs.cmu.edu/user/thoffman/www/2005-PGSS/Lab1 EtchSketch.class
2005.06.24 11:36 B D:\MyDocs\Academic\CMU\ux8.sp.cs.cmu.edu\2005-PGSS\Lab1\EtchSketch.html --> ux8.sp.cs.cmu.edu /afs/cs.cmu.edu/user/thoffman/www/2005-PGSS/Lab1 EtchSketch.html
2005.06.24 11:36 B D:\MyDocs\Academic\CMU\ux8.sp.cs.cmu.edu\2005-PGSS\Lab1\EtchSketch.java --> ux8.sp.cs.cmu.edu /afs/cs.cmu.edu/user/thoffman/www/2005-PGSS/Lab1 EtchSketch.java
2005.06.24 11:36 B D:\MyDocs\Academic\CMU\ux8.sp.cs.cmu.edu\2005-PGSS\Lab1\FirstEvent.class --> ux8.sp.cs.cmu.edu /afs/cs.cmu.edu/user/thoffman/www/2005-PGSS/Lab1 FirstEvent.class
2005.06.24 11:36 B D:\MyDocs\Academic\CMU\ux8.sp.cs.cmu.edu\2005-PGSS\Lab1\FirstEvent.html --> ux8.sp.cs.cmu.edu /afs/cs.cmu.edu/user/thoffman/www/2005-PGSS/Lab1 FirstEvent.html
2005.06.24 11:36 B D:\MyDocs\Academic\CMU\ux8.sp.cs.cmu.edu\2005-PGSS\Lab1\FirstEvent.java --> ux8.sp.cs.cmu.edu /afs/cs.cmu.edu/user/thoffman/www/2005-PGSS/Lab1 FirstEvent.java
2005.06.24 11:36 B D:\MyDocs\Academic\CMU\ux8.sp.cs.cmu.edu\2005-PGSS\Lab1\index.html --> ux8.sp.cs.cmu.edu /afs/cs.cmu.edu/user/thoffman/www/2005-PGSS/Lab1 index.html
2005.06.24 11:36 B D:\MyDocs\Academic\CMU\ux8.sp.cs.cmu.edu\2005-PGSS\Lab1\JApplet0.class --> ux8.sp.cs.cmu.edu /afs/cs.cmu.edu/user/thoffman/www/2005-PGSS/Lab1 JApplet0.class
2005.06.24 11:36 B D:\MyDocs\Academic\CMU\ux8.sp.cs.cmu.edu\2005-PGSS\Lab1\JApplet0.html --> ux8.sp.cs.cmu.edu /afs/cs.cmu.edu/user/thoffman/www/2005-PGSS/Lab1 JApplet0.html
2005.06.24 11:36 B D:\MyDocs\Academic\CMU\ux8.sp.cs.cmu.edu\2005-PGSS\Lab1\JApplet0.java --> ux8.sp.cs.cmu.edu /afs/cs.cmu.edu/user/thoffman/www/2005-PGSS/Lab1 JApplet0.java
2005.06.24 11:36 B D:\MyDocs\Academic\CMU\ux8.sp.cs.cmu.edu\2005-PGSS\Lab1\JApplet1.class --> ux8.sp.cs.cmu.edu /afs/cs.cmu.edu/user/thoffman/www/2005-PGSS/Lab1 JApplet1.class
2005.06.24 11:36 B D:\MyDocs\Academic\CMU\ux8.sp.cs.cmu.edu\2005-PGSS\Lab1\JApplet1.html --> ux8.sp.cs.cmu.edu /afs/cs.cmu.edu/user/thoffman/www/2005-PGSS/Lab1 JApplet1.html
2005.06.24 11:36 B D:\MyDocs\Academic\CMU\ux8.sp.cs.cmu.edu\2005-PGSS\Lab1\JApplet1.java --> ux8.sp.cs.cmu.edu /afs/cs.cmu.edu/user/thoffman/www/2005-PGSS/Lab1 JApplet1.java
2005.06.24 11:36 B D:\MyDocs\Academic\CMU\ux8.sp.cs.cmu.edu\2005-PGSS\Lab1\JApplet2.class --> ux8.sp.cs.cmu.edu /afs/cs.cmu.edu/user/thoffman/www/2005-PGSS/Lab1 JApplet2.class
2005.06.24 11:36 B D:\MyDocs\Academic\CMU\ux8.sp.cs.cmu.edu\2005-PGSS\Lab1\JApplet2.html --> ux8.sp.cs.cmu.edu /afs/cs.cmu.edu/user/thoffman/www/2005-PGSS/Lab1 JApplet2.html
2005.06.24 11:36 B D:\MyDocs\Academic\CMU\ux8.sp.cs.cmu.edu\2005-PGSS\Lab1\JApplet2.java --> ux8.sp.cs.cmu.edu /afs/cs.cmu.edu/user/thoffman/www/2005-PGSS/Lab1 JApplet2.java
2005.06.24 11:36 B D:\MyDocs\Academic\CMU\ux8.sp.cs.cmu.edu\2005-PGSS\Lab1\JApplet3.class --> ux8.sp.cs.cmu.edu /afs/cs.cmu.edu/user/thoffman/www/2005-PGSS/Lab1 JApplet3.class
2005.06.24 11:36 B D:\MyDocs\Academic\CMU\ux8.sp.cs.cmu.edu\2005-PGSS\Lab1\JApplet3.html --> ux8.sp.cs.cmu.edu /afs/cs.cmu.edu/user/thoffman/www/2005-PGSS/Lab1 JApplet3.html
2005.06.24 11:36 B D:\MyDocs\Academic\CMU\ux8.sp.cs.cmu.edu\2005-PGSS\Lab1\JApplet3.java --> ux8.sp.cs.cmu.edu /afs/cs.cmu.edu/user/thoffman/www/2005-PGSS/Lab1 JApplet3.java
2005.06.24 11:36 B D:\MyDocs\Academic\CMU\ux8.sp.cs.cmu.edu\2005-PGSS\Lab1\JApplet4$1.class --> ux8.sp.cs.cmu.edu /afs/cs.cmu.edu/user/thoffman/www/2005-PGSS/Lab1 JApplet4$1.class
2005.06.24 11:36 B D:\MyDocs\Academic\CMU\ux8.sp.cs.cmu.edu\2005-PGSS\Lab1\JApplet4$myJButtonHandler.class --> ux8.sp.cs.cmu.edu /afs/cs.cmu.edu/user/thoffman/www/2005-PGSS/Lab1 JApplet4$myJButtonHandler.class
2005.06.24 11:36 B D:\MyDocs\Academic\CMU\ux8.sp.cs.cmu.edu\2005-PGSS\Lab1\JApplet4.class --> ux8.sp.cs.cmu.edu /afs/cs.cmu.edu/user/thoffman/www/2005-PGSS/Lab1 JApplet4.class
2005.06.24 11:36 B D:\MyDocs\Academic\CMU\ux8.sp.cs.cmu.edu\2005-PGSS\Lab1\JApplet4.html --> ux8.sp.cs.cmu.edu /afs/cs.cmu.edu/user/thoffman/www/2005-PGSS/Lab1 JApplet4.html
2005.06.24 11:36 B D:\MyDocs\Academic\CMU\ux8.sp.cs.cmu.edu\2005-PGSS\Lab1\JApplet4.java --> ux8.sp.cs.cmu.edu /afs/cs.cmu.edu/user/thoffman/www/2005-PGSS/Lab1 JApplet4.java
2005.06.24 11:36 B D:\MyDocs\Academic\CMU\ux8.sp.cs.cmu.edu\2005-PGSS\Lab1\JApplet5$1.class --> ux8.sp.cs.cmu.edu /afs/cs.cmu.edu/user/thoffman/www/2005-PGSS/Lab1 JApplet5$1.class
2005.06.24 11:36 B D:\MyDocs\Academic\CMU\ux8.sp.cs.cmu.edu\2005-PGSS\Lab1\JApplet5$MyJButtonHandler.class --> ux8.sp.cs.cmu.edu /afs/cs.cmu.edu/user/thoffman/www/2005-PGSS/Lab1 JApplet5$MyJButtonHandler.class
2005.06.24 11:36 B D:\MyDocs\Academic\CMU\ux8.sp.cs.cmu.edu\2005-PGSS\Lab1\JApplet5.class --> ux8.sp.cs.cmu.edu /afs/cs.cmu.edu/user/thoffman/www/2005-PGSS/Lab1 JApplet5.class
2005.06.24 11:36 B D:\MyDocs\Academic\CMU\ux8.sp.cs.cmu.edu\2005-PGSS\Lab1\JApplet5.html --> ux8.sp.cs.cmu.edu /afs/cs.cmu.edu/user/thoffman/www/2005-PGSS/Lab1 JApplet5.html
2005.06.24 11:36 B D:\MyDocs\Academic\CMU\ux8.sp.cs.cmu.edu\2005-PGSS\Lab1\JApplet5.java --> ux8.sp.cs.cmu.edu /afs/cs.cmu.edu/user/thoffman/www/2005-PGSS/Lab1 JApplet5.java
2005.06.24 11:36 B D:\MyDocs\Academic\CMU\ux8.sp.cs.cmu.edu\2005-PGSS\Lab1\JApplet6$1.class --> ux8.sp.cs.cmu.edu /afs/cs.cmu.edu/user/thoffman/www/2005-PGSS/Lab1 JApplet6$1.class
2005.06.24 11:36 B D:\MyDocs\Academic\CMU\ux8.sp.cs.cmu.edu\2005-PGSS\Lab1\JApplet6$MyScrollBarHandler.class --> ux8.sp.cs.cmu.edu /afs/cs.cmu.edu/user/thoffman/www/2005-PGSS/Lab1 JApplet6$MyScrollBarHandler.class
2005.06.24 11:36 B D:\MyDocs\Academic\CMU\ux8.sp.cs.cmu.edu\2005-PGSS\Lab1\JApplet6.class --> ux8.sp.cs.cmu.edu /afs/cs.cmu.edu/user/thoffman/www/2005-PGSS/Lab1 JApplet6.class
2005.06.24 11:36 B D:\MyDocs\Academic\CMU\ux8.sp.cs.cmu.edu\2005-PGSS\Lab1\JApplet6.html --> ux8.sp.cs.cmu.edu /afs/cs.cmu.edu/user/thoffman/www/2005-PGSS/Lab1 JApplet6.html
2005.06.24 11:36 B D:\MyDocs\Academic\CMU\ux8.sp.cs.cmu.edu\2005-PGSS\Lab1\JApplet6.java --> ux8.sp.cs.cmu.edu /afs/cs.cmu.edu/user/thoffman/www/2005-PGSS/Lab1 JApplet6.java
2005.06.24 11:36 B D:\MyDocs\Academic\CMU\ux8.sp.cs.cmu.edu\2005-PGSS\Lab1\Methods.txt --> ux8.sp.cs.cmu.edu /afs/cs.cmu.edu/user/thoffman/www/2005-PGSS/Lab1 Methods.txt
2005.06.24 11:36 B D:\MyDocs\Academic\CMU\ux8.sp.cs.cmu.edu\2005-PGSS\Lab1\WS_FTP.LOG --> ux8.sp.cs.cmu.edu /afs/cs.cmu.edu/user/thoffman/www/2005-PGSS/Lab1 WS_FTP.LOG
2005.06.25 16:21 B D:\MyDocs\Academic\CMU\ux8.sp.cs.cmu.edu\2005-PGSS\Lab1\index.html --> ux8.sp.cs.cmu.edu /afs/cs.cmu.edu/user/thoffman/www/2005-PGSS/Lab1 index.html
